<?xml version="1.0" encoding="UTF-8"?>
<robot generator="Robot 6.1.1 (Python 3.11.5 on win32)" generated="20231114 23:20:27.681" rpa="false" schemaversion="4">
<suite id="s1" name="Signup" source="C:\gz-apps\project\tests\Signup.robot">
<test id="s1-t1" name="Register a new user" line="11">
<kw name="Start Session" library="Base" type="SETUP">
<kw name="New Browser" library="Browser">
<arg>chromium</arg>
<arg>headless=False</arg>
<arg>slowMo=00:00:00.5</arg>
<tag>BrowserControl</tag>
<tag>Setter</tag>
<doc>Create a new playwright Browser with specified options.</doc>
<msg timestamp="20231114 23:20:30.282" level="INFO">{"browser": "chromium", "headless": false, "chromiumSandbox": false, "devtools": false, "handleSIGHUP": true, "handleSIGINT": true, "handleSIGTERM": true, "slowMo": 500.0, "timeout": 30000.0, "tracesDir": "C:\\gz-apps\\project\\logs\\browser\\traces\\ac8dfacf-05d1-4757-9f20-42eed8698a4d"}</msg>
<msg timestamp="20231114 23:20:31.579" level="INFO">Successfully created browser with options: {"browser":"chromium","headless":false,"chromiumSandbox":false,"devtools":false,"handleSIGHUP":true,"handleSIGINT":true,"handleSIGTERM":true,"slowMo":500,"timeout":30000,"tracesDir":"C:\\gz-apps\\project\\logs\\browser\\traces\\ac8dfacf-05d1-4757-9f20-42eed8698a4d"}</msg>
<status status="PASS" starttime="20231114 23:20:30.282" endtime="20231114 23:20:31.580"/>
</kw>
<kw name="New Page" library="Browser">
<arg>https://geeks-web-nat.fly.dev</arg>
<tag>BrowserControl</tag>
<tag>Setter</tag>
<doc>Open a new Page.</doc>
<msg timestamp="20231114 23:20:36.004" level="INFO">Successfully initialized new page object and opened url: https://geeks-web-nat.fly.dev</msg>
<msg timestamp="20231114 23:20:36.004" level="INFO">No context was open. New context was automatically opened when this page is created.</msg>
<status status="PASS" starttime="20231114 23:20:31.581" endtime="20231114 23:20:36.004"/>
</kw>
<status status="PASS" starttime="20231114 23:20:30.280" endtime="20231114 23:20:36.005"/>
</kw>
<kw name="Factory User" library="Users">
<var>${user}</var>
<msg timestamp="20231114 23:20:36.008" level="INFO">${user} = {'name': 'Robin', 'lastname': 'Jenkins', 'email': 'alanpowell@yahoo.com', 'password': 'pwd123'}</msg>
<status status="PASS" starttime="20231114 23:20:36.006" endtime="20231114 23:20:36.008"/>
</kw>
<kw name="Go to Signup Form" library="Actions">
<kw name="Go To" library="Browser">
<arg>https://geeks-web-nat.fly.dev/signup</arg>
<tag>BrowserControl</tag>
<tag>Setter</tag>
<doc>Navigates to the given ``url``.</doc>
<msg timestamp="20231114 23:20:36.788" level="INFO">Successfully opened URL https://geeks-web-nat.fly.dev/signup</msg>
<status status="PASS" starttime="20231114 23:20:36.010" endtime="20231114 23:20:36.789"/>
</kw>
<kw name="Wait For Elements State" library="Browser">
<arg>css=.signup-form</arg>
<arg>visible</arg>
<arg>5</arg>
<tag>PageContent</tag>
<tag>Wait</tag>
<doc>Waits for the element found by ``selector`` to satisfy state option.</doc>
<msg timestamp="20231114 23:20:36.856" level="INFO">Waited for Element with selector css=.signup-form at state visible</msg>
<status status="PASS" starttime="20231114 23:20:36.789" endtime="20231114 23:20:36.856"/>
</kw>
<status status="PASS" starttime="20231114 23:20:36.009" endtime="20231114 23:20:36.856"/>
</kw>
<kw name="Fill Signup Form" library="Actions">
<arg>${user}</arg>
<kw name="Fill Text" library="Browser">
<arg>id=name</arg>
<arg>${user}[name]</arg>
<tag>PageContent</tag>
<tag>Setter</tag>
<doc>Clears and fills the given ``txt`` into the text field found by ``selector``.</doc>
<msg timestamp="20231114 23:20:36.858" level="INFO">Fills the text 'Robin' in the given field.</msg>
<status status="PASS" starttime="20231114 23:20:36.858" endtime="20231114 23:20:37.417"/>
</kw>
<kw name="Fill Text" library="Browser">
<arg>id=lastname</arg>
<arg>${user}[lastname]</arg>
<tag>PageContent</tag>
<tag>Setter</tag>
<doc>Clears and fills the given ``txt`` into the text field found by ``selector``.</doc>
<msg timestamp="20231114 23:20:37.418" level="INFO">Fills the text 'Jenkins' in the given field.</msg>
<status status="PASS" starttime="20231114 23:20:37.417" endtime="20231114 23:20:37.970"/>
</kw>
<kw name="Fill Text" library="Browser">
<arg>id=email</arg>
<arg>${user}[email]</arg>
<tag>PageContent</tag>
<tag>Setter</tag>
<doc>Clears and fills the given ``txt`` into the text field found by ``selector``.</doc>
<msg timestamp="20231114 23:20:37.972" level="INFO">Fills the text 'alanpowell@yahoo.com' in the given field.</msg>
<status status="PASS" starttime="20231114 23:20:37.971" endtime="20231114 23:20:38.524"/>
</kw>
<kw name="Fill Text" library="Browser">
<arg>id=password</arg>
<arg>${user}[password]</arg>
<tag>PageContent</tag>
<tag>Setter</tag>
<doc>Clears and fills the given ``txt`` into the text field found by ``selector``.</doc>
<msg timestamp="20231114 23:20:38.525" level="INFO">Fills the text 'pwd123' in the given field.</msg>
<status status="PASS" starttime="20231114 23:20:38.524" endtime="20231114 23:20:39.070"/>
</kw>
<status status="PASS" starttime="20231114 23:20:36.857" endtime="20231114 23:20:39.070"/>
</kw>
<kw name="Submit Signup Form" library="Actions">
<kw name="Click" library="Browser">
<arg>css=.submit-button &gt;&gt; text=Cadastrar</arg>
<tag>PageContent</tag>
<tag>Setter</tag>
<doc>Simulates mouse click on the element found by ``selector``.</doc>
<status status="PASS" starttime="20231114 23:20:39.072" endtime="20231114 23:20:39.712"/>
</kw>
<status status="PASS" starttime="20231114 23:20:39.071" endtime="20231114 23:20:39.713"/>
</kw>
<kw name="User Should be Registered" library="Actions">
<kw name="Set Variable" library="BuiltIn">
<var>${expected_message}</var>
<arg>css=p &gt;&gt; text=Agora você faz parte da Getgeeks. Tenha uma ótima experiência.</arg>
<doc>Returns the given values which can then be assigned to a variables.</doc>
<msg timestamp="20231114 23:20:39.715" level="INFO">${expected_message} = css=p &gt;&gt; text=Agora você faz parte da Getgeeks. Tenha uma ótima experiência.</msg>
<status status="PASS" starttime="20231114 23:20:39.714" endtime="20231114 23:20:39.715"/>
</kw>
<kw name="Wait For Elements State" library="Browser">
<arg>${expected_message}</arg>
<arg>visible</arg>
<arg>5</arg>
<tag>PageContent</tag>
<tag>Wait</tag>
<doc>Waits for the element found by ``selector`` to satisfy state option.</doc>
<msg timestamp="20231114 23:20:42.104" level="INFO">Waited for Element with selector css=p &gt;&gt; text=Agora você faz parte da Getgeeks. Tenha uma ótima experiência. at state visible</msg>
<status status="PASS" starttime="20231114 23:20:39.715" endtime="20231114 23:20:42.104"/>
</kw>
<status status="PASS" starttime="20231114 23:20:39.713" endtime="20231114 23:20:42.104"/>
</kw>
<kw name="End Session" library="Base" type="TEARDOWN">
<kw name="Take Screenshot" library="Browser">
<tag>PageContent</tag>
<doc>Takes a screenshot of the current window or element and saves it to disk.</doc>
<msg timestamp="20231114 23:20:42.472" level="INFO" html="true">&lt;/td&gt;&lt;/tr&gt;&lt;tr&gt;&lt;td colspan="3"&gt;&lt;a href="browser/screenshot/robotframework-browser-screenshot-1.png" target="_blank"&gt;&lt;img src="browser/screenshot/robotframework-browser-screenshot-1.png" width="800px"/&gt;&lt;/a&gt;</msg>
<status status="PASS" starttime="20231114 23:20:42.106" endtime="20231114 23:20:42.472"/>
</kw>
<status status="PASS" starttime="20231114 23:20:42.105" endtime="20231114 23:20:42.472"/>
</kw>
<status status="PASS" starttime="20231114 23:20:30.276" endtime="20231114 23:20:42.473"/>
</test>
<doc>Signup Test Suite</doc>
<status status="PASS" starttime="20231114 23:20:27.684" endtime="20231114 23:20:42.657"/>
</suite>
<statistics>
<total>
<stat pass="1" fail="0" skip="0">All Tests</stat>
</total>
<tag>
</tag>
<suite>
<stat pass="1" fail="0" skip="0" id="s1" name="Signup">Signup</stat>
</suite>
</statistics>
<errors>
</errors>
</robot>
